<?xml version="1.0" encoding="UTF-8"?>
<!-- Generated by org.testng.reporters.JUnitReportReporter -->
<testsuite skipped="0" hostname="Sowbhas-iMac.local" name="com.sample.abc.Loginpage" tests="12" failures="0" timestamp="03 Jun 2019 06:27:07 GMT" time="70.075" errors="0">
  <testcase name="validatelogin" time="3.218" classname="com.sample.abc.Loginpage"/>
  <testcase name="validatelogin" time="10.767" classname="com.sample.abc.Loginpage"/>
  <testcase name="validatelogin" time="3.032" classname="com.sample.abc.Loginpage"/>
  <testcase name="validatelogin" time="11.061" classname="com.sample.abc.Loginpage"/>
  <testcase name="validateincorrectlogin" time="2.343" classname="com.sample.abc.Loginpage"/>
  <testcase name="validateincorrectlogin" time="8.182" classname="com.sample.abc.Loginpage"/>
  <testcase name="validateincorrectlogin" time="1.645" classname="com.sample.abc.Loginpage"/>
  <testcase name="validateincorrectlogin" time="9.964" classname="com.sample.abc.Loginpage"/>
  <testcase name="validateLogo" time="1.979" classname="com.sample.abc.Loginpage"/>
  <testcase name="validateLogo" time="1.963" classname="com.sample.abc.Loginpage"/>
  <testcase name="validateLogo" time="7.514" classname="com.sample.abc.Loginpage"/>
  <testcase name="validateLogo" time="8.407" classname="com.sample.abc.Loginpage"/>
</testsuite> <!-- com.sample.abc.Loginpage -->
